unreachable code after return statement node_modules__pnpm_f831d548._.js:202:5
unreachable code after return statement node_modules__pnpm_f831d548._.js:360:5
unreachable code after return statement node_modules__pnpm_f831d548._.js:408:5
unreachable code after return statement node_modules__pnpm_f831d548._.js:424:5
A tree hydrated but some attributes of the server rendered HTML didn't match the client properties. This won't be patched up. This can happen if a SSR-ed Client Component used:

- A server/client branch `if (typeof window !== 'undefined')`.
- Variable input such as `Date.now()` or `Math.random()` which changes each time it's called.
- Date formatting in a user's locale which doesn't match the server.
- External changing data without sending a snapshot of it along with the HTML.
- Invalid HTML tag nesting.

It can also happen if the client has a browser extension installed which messes with the HTML before React loaded.

https://react.dev/link/hydration-mismatch

  ...
    <OuterLayoutRouter parallelRouterKey="children" template={<RenderFromTemplateContext>} notFound={[...]}>
      <RenderFromTemplateContext>
        <ScrollAndFocusHandler segmentPath={[...]}>
          <InnerScrollAndFocusHandler segmentPath={[...]} focusAndScrollRef={{apply:false, ...}}>
            <ErrorBoundary errorComponent={undefined} errorStyles={undefined} errorScripts={undefined}>
              <LoadingBoundary loading={null}>
                <HTTPAccessFallbackBoundary notFound={[...]} forbidden={undefined} unauthorized={undefined}>
                  <HTTPAccessFallbackErrorBoundary pathname="/en" notFound={[...]} forbidden={undefined} ...>
                    <RedirectBoundary>
                      <RedirectErrorBoundary router={{...}}>
                        <InnerLayoutRouter url="/en" tree={[...]} cacheNode={{lazyData:null, ...}} segmentPath={[...]}>
                          <link>
                          <script>
                          <script>
                          <script>
                          <LocaleLayout>
                            <html lang="en" className="geist_31c8...">
                              <body
-                               data-new-gr-c-s-check-loaded="8.932.0"
-                               data-gr-ext-installed=""
                              >
 Stack: 
    body unknown:0
    LocaleLayout layout.tsx:62
<anonymous code>:1:147461
[Fast Refresh] rebuilding ca6f2_next_dist_client_84d8f360._.js:14984:17
Source map error: Error: request failed with status 404
Stack in the worker:networkRequest@resource://devtools/client/shared/source-map-loader/utils/network-request.js:43:9

Resource URL: https://rnuau-81-83-39-191.a.free.pinggy.link/%3Canonymous%20code%3E
Source Map URL: installHook.js.map
[Fast Refresh] done in 818ms ca6f2_next_dist_client_84d8f360._.js:14848:13
unreachable code after return statement node_modules__pnpm_5c64c424._.js:4655:5
unreachable code after return statement node_modules__pnpm_5c64c424._.js:4740:5
unreachable code after return statement node_modules__pnpm_5c64c424._.js:4766:5
unreachable code after return statement node_modules__pnpm_5c64c424._.js:5604:5
unreachable code after return statement node_modules__pnpm_5c64c424._.js:5692:5
unreachable code after return statement node_modules__pnpm_5c64c424._.js:5901:5
unreachable code after return statement node_modules__pnpm_5c64c424._.js:4655:5
unreachable code after return statement node_modules__pnpm_5c64c424._.js:4740:5
unreachable code after return statement node_modules__pnpm_5c64c424._.js:4766:5
unreachable code after return statement node_modules__pnpm_5c64c424._.js:5604:5
unreachable code after return statement node_modules__pnpm_5c64c424._.js:5692:5
unreachable code after return statement node_modules__pnpm_5c64c424._.js:5901:5
[Fast Refresh] rebuilding ca6f2_next_dist_client_84d8f360._.js:14984:17
[Fast Refresh] done in 786ms ca6f2_next_dist_client_84d8f360._.js:14848:13
[Fast Refresh] rebuilding ca6f2_next_dist_client_84d8f360._.js:14984:17
[Fast Refresh] done in 110ms ca6f2_next_dist_client_84d8f360._.js:14848:13
unreachable code after return statement node_modules__pnpm_387ce5e7._.js:4655:5
unreachable code after return statement node_modules__pnpm_387ce5e7._.js:4740:5
unreachable code after return statement node_modules__pnpm_387ce5e7._.js:4766:5
unreachable code after return statement node_modules__pnpm_387ce5e7._.js:5604:5
unreachable code after return statement node_modules__pnpm_387ce5e7._.js:5692:5
unreachable code after return statement node_modules__pnpm_387ce5e7._.js:5901:5
[TransferPage] Status: disconnected PeerID: 2318250f-e3a5-45f3-9dd9-1ca9319c8876 _b6e63bcf._.js:2042:13
[TransferPage] Status: disconnected PeerID: 2318250f-e3a5-45f3-9dd9-1ca9319c8876 <anonymous code>:1:150327
[TransferPage] Status: disconnected PeerID: 2318250f-e3a5-45f3-9dd9-1ca9319c8876 _b6e63bcf._.js:2042:13
[TransferPage] Status: disconnected PeerID: 2318250f-e3a5-45f3-9dd9-1ca9319c8876 <anonymous code>:1:150327
[usePeerConnection] Initializing new peer with ID: 2318250f-e3a5-45f3-9dd9-1ca9319c8876 _b6e63bcf._.js:255:21
[usePeerConnection] Server config: Custom Server: https://null-peer-server.sliplane.app:443/ (3 STUN, 5 TURN servers) _b6e63bcf._.js:256:21
[usePeerConnection] ICE servers: 
Array(8) [ "stun:stun.l.google.com:19302", "stun:stun1.l.google.com:19302", "stun:stun.cloudflare.com:3478", "turn:a.relay.metered.ca:80", "turn:a.relay.metered.ca:443", "turns:a.relay.metered.ca:443?transport=tcp", "turn:relay1.expressturn.com:3478", "turn:numb.viagenie.ca:3478" ]
_b6e63bcf._.js:257:21
[TURN Test] Starting TURN server connectivity test... _b6e63bcf._.js:179:13
[usePeerConnection] Full PeerJS config: {
  "debug": 3,
  "config": {
    "iceServers": [
      {
        "urls": "stun:stun.l.google.com:19302"
      },
      {
        "urls": "stun:stun1.l.google.com:19302"
      },
      {
        "urls": "stun:stun.cloudflare.com:3478"
      },
      {
        "urls": "turn:a.relay.metered.ca:80",
        "username": "e46b04279917ad3e74ce808e",
        "credential": "nVQbPOmeQMmQHy9j"
      },
      {
        "urls": "turn:a.relay.metered.ca:443",
        "username": "e46b04279917ad3e74ce808e",
        "credential": "nVQbPOmeQMmQHy9j"
      },
      {
        "urls": "turns:a.relay.metered.ca:443?transport=tcp",
        "username": "e46b04279917ad3e74ce808e",
        "credential": "nVQbPOmeQMmQHy9j"
      },
      {
        "urls": "turn:relay1.expressturn.com:3478",
        "username": "efJX3B48EZBZAHK3Y2",
        "credential": "VLDnR2fvqo9tdHoE"
      },
      {
        "urls": "turn:numb.viagenie.ca:3478",
        "username": "webrtc@live.com",
        "credential": "muazkh"
      }
    ],
    "iceCandidatePoolSize": 10,
    "iceTransportPolicy": "all",
    "bundlePolicy": "balanced",
    "rtcpMuxPolicy": "require"
  },
  "host": "null-peer-server.sliplane.app",
  "port": 443,
  "path": "/",
  "secure": true
} _b6e63bcf._.js:264:21
[usePeerConnection] Peer created: 
Object { id: "2318250f-e3a5-45f3-9dd9-1ca9319c8876", destroyed: false, disconnected: false }
_b6e63bcf._.js:267:21
[usePeerConnection] Cleaning up peer <anonymous code>:1:150327
PeerJS:  Destroy peer with ID:2318250f-e3a5-45f3-9dd9-1ca9319c8876 <anonymous code>:1:150327
PeerJS:  Disconnect peer with ID:2318250f-e3a5-45f3-9dd9-1ca9319c8876 <anonymous code>:1:150327
Firefox can’t establish a connection to the server at wss://null-peer-server.sliplane.app/peerjs?key=peerjs&id=2318250f-e3a5-45f3-9dd9-1ca9319c8876&token=yd0bxqhxt9&version=1.5.5. node_modules__pnpm_5c64c424._.js:6659:24
[usePeerConnection] Peer disconnected from server <anonymous code>:1:150327
[usePeerConnection] Peer state after disconnect:  
Object { id: null, destroyed: false, disconnected: true, timestamp: "2025-08-06T11:10:58.075Z" }
<anonymous code>:1:150327
[usePeerConnection] Peer closed <anonymous code>:1:150327
[usePeerConnection] Final peer state:  
Object { id: null, destroyed: true, disconnected: true, timestamp: "2025-08-06T11:10:58.076Z" }
<anonymous code>:1:150327
[usePeerConnection] Initializing new peer with ID: 2318250f-e3a5-45f3-9dd9-1ca9319c8876 <anonymous code>:1:150327
[usePeerConnection] Server config: Custom Server: https://null-peer-server.sliplane.app:443/ (3 STUN, 5 TURN servers) <anonymous code>:1:150327
[usePeerConnection] ICE servers:  
Array(8) [ "stun:stun.l.google.com:19302", "stun:stun1.l.google.com:19302", "stun:stun.cloudflare.com:3478", "turn:a.relay.metered.ca:80", "turn:a.relay.metered.ca:443", "turns:a.relay.metered.ca:443?transport=tcp", "turn:relay1.expressturn.com:3478", "turn:numb.viagenie.ca:3478" ]
<anonymous code>:1:150327
[TURN Test] Starting TURN server connectivity test... <anonymous code>:1:150327
[usePeerConnection] Full PeerJS config: {
  "debug": 3,
  "config": {
    "iceServers": [
      {
        "urls": "stun:stun.l.google.com:19302"
      },
      {
        "urls": "stun:stun1.l.google.com:19302"
      },
      {
        "urls": "stun:stun.cloudflare.com:3478"
      },
      {
        "urls": "turn:a.relay.metered.ca:80",
        "username": "e46b04279917ad3e74ce808e",
        "credential": "nVQbPOmeQMmQHy9j"
      },
      {
        "urls": "turn:a.relay.metered.ca:443",
        "username": "e46b04279917ad3e74ce808e",
        "credential": "nVQbPOmeQMmQHy9j"
      },
      {
        "urls": "turns:a.relay.metered.ca:443?transport=tcp",
        "username": "e46b04279917ad3e74ce808e",
        "credential": "nVQbPOmeQMmQHy9j"
      },
      {
        "urls": "turn:relay1.expressturn.com:3478",
        "username": "efJX3B48EZBZAHK3Y2",
        "credential": "VLDnR2fvqo9tdHoE"
      },
      {
        "urls": "turn:numb.viagenie.ca:3478",
        "username": "webrtc@live.com",
        "credential": "muazkh"
      }
    ],
    "iceCandidatePoolSize": 10,
    "iceTransportPolicy": "all",
    "bundlePolicy": "balanced",
    "rtcpMuxPolicy": "require"
  },
  "host": "null-peer-server.sliplane.app",
  "port": 443,
  "path": "/",
  "secure": true
} <anonymous code>:1:150327
[usePeerConnection] Peer created:  
Object { id: "2318250f-e3a5-45f3-9dd9-1ca9319c8876", destroyed: false, disconnected: false }
<anonymous code>:1:150327
[TransferPage] Status: connecting PeerID: 2318250f-e3a5-45f3-9dd9-1ca9319c8876 _b6e63bcf._.js:2042:13
[TransferPage] Status: connecting PeerID: 2318250f-e3a5-45f3-9dd9-1ca9319c8876 <anonymous code>:1:150327
The connection to wss://null-peer-server.sliplane.app/peerjs?key=peerjs&id=2318250f-e3a5-45f3-9dd9-1ca9319c8876&token=yd0bxqhxt9&version=1.5.5 was interrupted while the page was loading. node_modules__pnpm_5c64c424._.js:6659:24
[TURN Test] Candidate for turn:a.relay.metered.ca:80: host 4 _b6e63bcf._.js:141:33
PeerJS:  Socket open node_modules__pnpm_5c64c424._.js:6290:36
PeerJS:  Server message received: 
Object { type: "OPEN" }
node_modules__pnpm_5c64c424._.js:6290:36
[usePeerConnection] Peer opened with ID: 2318250f-e3a5-45f3-9dd9-1ca9319c8876 _b6e63bcf._.js:283:29
[usePeerConnection] Peer connection details: 
Object { id: "2318250f-e3a5-45f3-9dd9-1ca9319c8876", destroyed: false, disconnected: false, connections: 0 }
_b6e63bcf._.js:284:29
[TransferPage] Status: disconnected PeerID: 2318250f-e3a5-45f3-9dd9-1ca9319c8876 _b6e63bcf._.js:2042:13
[TransferPage] Status: disconnected PeerID: 2318250f-e3a5-45f3-9dd9-1ca9319c8876 <anonymous code>:1:150327
unreachable code after return statement node_modules__pnpm_387ce5e7._.js:4655:5
unreachable code after return statement node_modules__pnpm_387ce5e7._.js:4740:5
unreachable code after return statement node_modules__pnpm_387ce5e7._.js:4766:5
unreachable code after return statement node_modules__pnpm_387ce5e7._.js:5604:5
unreachable code after return statement node_modules__pnpm_387ce5e7._.js:5692:5
unreachable code after return statement node_modules__pnpm_387ce5e7._.js:5901:5
The resource at “https://rnuau-81-83-39-191.a.free.pinggy.link/_next/static/media/gyByhwUxId8gMEwcGFWNOITd-s.p.da1ebef7.woff2” preloaded with link preload was not used within a few seconds. Make sure all attributes of the preload tag are set correctly. 2318250f-e3a5-45f3-9dd9-1ca9319c8876
[Fast Refresh] rebuilding ca6f2_next_dist_client_84d8f360._.js:14984:17
[Fast Refresh] done in 773ms ca6f2_next_dist_client_84d8f360._.js:14848:13
[TURN Test] Candidate for turn:a.relay.metered.ca:443: host 4 _b6e63bcf._.js:141:33
[TURN Test] Candidate for turns:a.relay.metered.ca:443?transport=tcp: host 4 _b6e63bcf._.js:141:33
[useFileTransfer] Staging new file: 
Object { fileId: "2ca3e3eb-f314-446c-87f1-496c8b4c9441", fileName: "Schermafbeelding 2025-07-25 om 09.56.12.png", fileSize: 99695, fileType: "image/png", lastModified: "2025-07-25T07:56:17.642Z" }
_b6e63bcf._.js:1086:17
[useFileTransfer] Prepared metadata for transmission: 
Object { totalFiles: 1, newFileId: "2ca3e3eb-f314-446c-87f1-496c8b4c9441", allFiles: (1) […] }
_b6e63bcf._.js:1102:17
[usePeerConnection] Attempting to send message: 
Object { type: "FILE_METADATA", hasConnection: false, connectionOpen: undefined, connectionPeer: undefined, messageSize: "non-chunk" }
_b6e63bcf._.js:766:21
[usePeerConnection] Cannot send message: no open connection. 
Object { hasConnection: false, connectionOpen: undefined, messageType: "FILE_METADATA" }
 Stack: 
    input unknown:0
    SendPage send-page.tsx:175
    TransferPage page.tsx:44
    ClientPageRoot client-page.tsx:60
<anonymous code>:1:147461
[useFileTransfer] Staged file and sent metadata: Schermafbeelding 2025-07-25 om 09.56.12.png _b6e63bcf._.js:1115:17
[TransferPage] Status: disconnected PeerID: 2318250f-e3a5-45f3-9dd9-1ca9319c8876 _b6e63bcf._.js:2042:13
[TransferPage] Status: disconnected PeerID: 2318250f-e3a5-45f3-9dd9-1ca9319c8876 <anonymous code>:1:150327
[useFileTransfer] Staging new file: 
Object { fileId: "b7211deb-6242-4d86-8141-68e0ee2dab09", fileName: "console-export-2025-8-6_12-55-24.log", fileSize: 46919, fileType: "", lastModified: "2025-08-06T10:55:29.381Z" }
_b6e63bcf._.js:1086:17
[useFileTransfer] Prepared metadata for transmission: 
Object { totalFiles: 2, newFileId: "b7211deb-6242-4d86-8141-68e0ee2dab09", allFiles: (2) […] }
_b6e63bcf._.js:1102:17
[usePeerConnection] Attempting to send message: 
Object { type: "FILE_METADATA", hasConnection: false, connectionOpen: undefined, connectionPeer: undefined, messageSize: "non-chunk" }
_b6e63bcf._.js:766:21
[usePeerConnection] Cannot send message: no open connection. 
Object { hasConnection: false, connectionOpen: undefined, messageType: "FILE_METADATA" }
 Stack: 
    input unknown:0
    SendPage send-page.tsx:175
    TransferPage page.tsx:44
    ClientPageRoot client-page.tsx:60
<anonymous code>:1:147461
[useFileTransfer] Staged file and sent metadata: console-export-2025-8-6_12-55-24.log _b6e63bcf._.js:1115:17
[TransferPage] Status: disconnected PeerID: 2318250f-e3a5-45f3-9dd9-1ca9319c8876 _b6e63bcf._.js:2042:13
[TransferPage] Status: disconnected PeerID: 2318250f-e3a5-45f3-9dd9-1ca9319c8876 <anonymous code>:1:150327
[TURN Test] Candidate for turn:relay1.expressturn.com:3478: host 4 _b6e63bcf._.js:141:33
[TURN Test] Candidate for turn:relay1.expressturn.com:3478: null _b6e63bcf._.js:141:33
[TURN Test] Candidate for turn:numb.viagenie.ca:3478: host 2 _b6e63bcf._.js:141:33
[TURN Test] Candidate for turn:relay1.expressturn.com:3478: null _b6e63bcf._.js:141:33
[TURN Test] Candidate for turn:numb.viagenie.ca:3478: host 2 _b6e63bcf._.js:141:33
[TURN Test] Candidate for turn:numb.viagenie.ca:3478: null _b6e63bcf._.js:141:33
[TURN Test] 🧪 TURN Server Connectivity Results: _b6e63bcf._.js:181:17
[TURN Test] ❌ turn:a.relay.metered.ca:80 - FAILED: Timeout - no relay candidates found <anonymous code>:1:147461
[TURN Test] ❌ turn:a.relay.metered.ca:443 - FAILED: Timeout - no relay candidates found <anonymous code>:1:147461
[TURN Test] ❌ turns:a.relay.metered.ca:443?transport=tcp - FAILED: Timeout - no relay candidates found <anonymous code>:1:147461
[TURN Test] ❌ turn:relay1.expressturn.com:3478 - FAILED: No relay candidates generated <anonymous code>:1:147461
[TURN Test] ❌ turn:numb.viagenie.ca:3478 - FAILED: No relay candidates generated <anonymous code>:1:147461
[TURN Test] 📊 Summary: 0/5 TURN servers are reachable _b6e63bcf._.js:191:17
[TURN Test] 🚨 CRITICAL: No TURN servers are reachable! WebRTC connections will likely fail behind NAT/firewall. <anonymous code>:1:147461
[TURN Test] Candidate for turn:numb.viagenie.ca:3478: null _b6e63bcf._.js:141:33
[TURN Test] 🧪 TURN Server Connectivity Results: _b6e63bcf._.js:181:17
[TURN Test] ❌ turn:a.relay.metered.ca:80 - FAILED: Timeout - no relay candidates found <anonymous code>:1:147461
[TURN Test] ❌ turn:a.relay.metered.ca:443 - FAILED: Timeout - no relay candidates found <anonymous code>:1:147461
[TURN Test] ❌ turns:a.relay.metered.ca:443?transport=tcp - FAILED: Timeout - no relay candidates found <anonymous code>:1:147461
[TURN Test] ❌ turn:relay1.expressturn.com:3478 - FAILED: No relay candidates generated <anonymous code>:1:147461
[TURN Test] ❌ turn:numb.viagenie.ca:3478 - FAILED: No relay candidates generated <anonymous code>:1:147461
[TURN Test] 📊 Summary: 0/5 TURN servers are reachable _b6e63bcf._.js:191:17
[TURN Test] 🚨 CRITICAL: No TURN servers are reachable! WebRTC connections will likely fail behind NAT/firewall. <anonymous code>:1:147461
[Fast Refresh] rebuilding ca6f2_next_dist_client_84d8f360._.js:14984:17
[Fast Refresh] done in 253ms ca6f2_next_dist_client_84d8f360._.js:14848:13
PeerJS:  Server message received: 
Object { type: "OFFER", src: "6b257183-1509-41c9-b51d-031d723f2ada", dst: "2318250f-e3a5-45f3-9dd9-1ca9319c8876", payload: {…} }
node_modules__pnpm_5c64c424._.js:6290:36
PeerJS:  Creating RTCPeerConnection. node_modules__pnpm_5c64c424._.js:6290:36
WebRTC: Using five or more STUN/TURN servers slows down discovery 4 node_modules__pnpm_5c64c424._.js:6768
PeerJS:  Listening for ICE candidates. node_modules__pnpm_5c64c424._.js:6290:36
PeerJS:  Listening for data channel node_modules__pnpm_5c64c424._.js:6290:36
PeerJS:  Listening for remote stream node_modules__pnpm_5c64c424._.js:6290:36
PeerJS:  Setting remote description 
RTCSessionDescription { type: "offer", sdp: "v=0\r\no=- 8528735817670420997 2 IN IP4 127.0.0.1\r\ns=-\r\nt=0 0\r\na=group:BUNDLE 0\r\na=extmap-allow-mixed\r\na=msid-semantic: WMS\r\nm=application 9 UDP/DTLS/SCTP webrtc-datachannel\r\nc=IN IP4 0.0.0.0\r\na=ice-ufrag:bw2/\r\na=ice-pwd:JVgTqa+JGybGI0UxO8Za1mUl\r\na=ice-options:trickle\r\na=fingerprint:sha-256 28:2A:ED:81:BF:12:16:E2:C2:2F:25:F4:48:E9:61:F6:BE:17:40:74:4D:8B:BF:BF:C6:06:12:A2:89:40:0D:13\r\na=setup:actpass\r\na=mid:0\r\na=sctp-port:5000\r\na=max-message-size:262144\r\n" }
node_modules__pnpm_5c64c424._.js:6290:36
PeerJS:  add connection data:dc_ip4u4o9q8j to peerId:6b257183-1509-41c9-b51d-031d723f2ada node_modules__pnpm_5c64c424._.js:6290:36
[usePeerConnection] Incoming connection received: 6b257183-1509-41c9-b51d-031d723f2ada _b6e63bcf._.js:303:29
[usePeerConnection] Connection details: 
Object { peer: "6b257183-1509-41c9-b51d-031d723f2ada", connectionId: "dc_ip4u4o9q8j", reliable: false, type: "data", open: false }
_b6e63bcf._.js:304:29
[TransferPage] Status: connected PeerID: 2318250f-e3a5-45f3-9dd9-1ca9319c8876 _b6e63bcf._.js:2042:13
[TransferPage] Status: connected PeerID: 2318250f-e3a5-45f3-9dd9-1ca9319c8876 <anonymous code>:1:150327
PeerJS:  Server message received: 
Object { type: "CANDIDATE", src: "6b257183-1509-41c9-b51d-031d723f2ada", dst: "2318250f-e3a5-45f3-9dd9-1ca9319c8876", payload: {…} }
node_modules__pnpm_5c64c424._.js:6290:36
PeerJS:  handleCandidate: 
Object { candidate: "candidate:98325040 1 udp 2113937151 e5d87764-acf3-4184-aa00-1d649dfc58af.local 58860 typ host generation 0 ufrag bw2/ network-cost 999", sdpMid: "0", sdpMLineIndex: 0, usernameFragment: "bw2/" }
node_modules__pnpm_5c64c424._.js:6290:36
PeerJS:  Server message received: 
Object { type: "CANDIDATE", src: "6b257183-1509-41c9-b51d-031d723f2ada", dst: "2318250f-e3a5-45f3-9dd9-1ca9319c8876", payload: {…} }
node_modules__pnpm_5c64c424._.js:6290:36
PeerJS:  handleCandidate: 
Object { candidate: "candidate:1434017022 1 udp 2113939711 f5312ff8-0307-42fb-a47d-7a3274be1c8d.local 54588 typ host generation 0 ufrag bw2/ network-cost 999", sdpMid: "0", sdpMLineIndex: 0, usernameFragment: "bw2/" }
node_modules__pnpm_5c64c424._.js:6290:36
PeerJS:  Set remoteDescription:OFFER for:6b257183-1509-41c9-b51d-031d723f2ada node_modules__pnpm_5c64c424._.js:6290:36
PeerJS:  Server message received: 
Object { type: "CANDIDATE", src: "6b257183-1509-41c9-b51d-031d723f2ada", dst: "2318250f-e3a5-45f3-9dd9-1ca9319c8876", payload: {…} }
node_modules__pnpm_5c64c424._.js:6290:36
PeerJS:  handleCandidate: 
Object { candidate: "candidate:354424261 1 udp 1677732095 2a02:1810:3d2d:8700:93d:195f:6c14:971b 54588 typ srflx raddr :: rport 0 generation 0 ufrag bw2/ network-cost 999", sdpMid: "0", sdpMLineIndex: 0, usernameFragment: "bw2/" }
node_modules__pnpm_5c64c424._.js:6290:36
PeerJS:  Server message received: 
Object { type: "CANDIDATE", src: "6b257183-1509-41c9-b51d-031d723f2ada", dst: "2318250f-e3a5-45f3-9dd9-1ca9319c8876", payload: {…} }
node_modules__pnpm_5c64c424._.js:6290:36
PeerJS:  handleCandidate: 
Object { candidate: "candidate:1731389750 1 udp 1677729535 84.196.132.90 58860 typ srflx raddr 0.0.0.0 rport 0 generation 0 ufrag bw2/ network-cost 999", sdpMid: "0", sdpMLineIndex: 0, usernameFragment: "bw2/" }
node_modules__pnpm_5c64c424._.js:6290:36
PeerJS:  Added ICE candidate for:6b257183-1509-41c9-b51d-031d723f2ada 2 node_modules__pnpm_5c64c424._.js:6290:36
PeerJS:  Created answer. node_modules__pnpm_5c64c424._.js:6290:36
PeerJS:  Added ICE candidate for:6b257183-1509-41c9-b51d-031d723f2ada 2 node_modules__pnpm_5c64c424._.js:6290:36
PeerJS:  Set localDescription: 
Object { type: "answer", sdp: "v=0\r\no=mozilla...THIS_IS_SDPARTA-99.0 829404943380856687 0 IN IP4 0.0.0.0\r\ns=-\r\nt=0 0\r\na=extmap-allow-mixed\r\na=fingerprint:sha-256 8B:C8:95:A7:C6:C1:DB:CE:5A:98:80:41:26:20:FD:B1:92:CC:24:62:C5:55:E6:2A:39:42:22:50:A3:A0:87:E1\r\na=group:BUNDLE 0\r\na=ice-options:trickle\r\na=msid-semantic:WMS *\r\nm=application 9 UDP/DTLS/SCTP webrtc-datachannel\r\nc=IN IP4 0.0.0.0\r\na=sendrecv\r\na=extmap-allow-mixed\r\na=ice-pwd:818d38de0fe4671ea2fc31fa04666c08\r\na=ice-ufrag:09d58d4a\r\na=mid:0\r\na=setup:active\r\na=sctp-port:5000\r\na=max-message-size:1073741823\r\n" }
 for:6b257183-1509-41c9-b51d-031d723f2ada node_modules__pnpm_5c64c424._.js:6290:36
[usePeerConnection] ICE gathering state (incoming): gathering _b6e63bcf._.js:396:45
PeerJS:  Received ICE candidates for 6b257183-1509-41c9-b51d-031d723f2ada: 
RTCIceCandidate { candidate: "candidate:0 1 UDP 2122252543 0aa71f0f-68e7-49be-a844-b6fd40c40207.local 53230 typ host", sdpMid: "0", sdpMLineIndex: 0, foundation: "0", component: "rtp", priority: 2122252543, address: "0aa71f0f-68e7-49be-a844-b6fd40c40207.local", protocol: "udp", port: 53230, type: "host" }
node_modules__pnpm_5c64c424._.js:6290:36
[usePeerConnection] ICE candidate found (incoming): 
Object { candidate: "candidate:0 1 UDP 2122252543 0aa71f0f-68e7-49be-a844-b6fd40c40207.local 53230 typ host", protocol: "udp", type: "host" }
_b6e63bcf._.js:403:45
PeerJS:  Received ICE candidates for 6b257183-1509-41c9-b51d-031d723f2ada: 
RTCIceCandidate { candidate: "candidate:3 1 TCP 2105524479 0aa71f0f-68e7-49be-a844-b6fd40c40207.local 9 typ host tcptype active", sdpMid: "0", sdpMLineIndex: 0, foundation: "3", component: "rtp", priority: 2105524479, address: "0aa71f0f-68e7-49be-a844-b6fd40c40207.local", protocol: "tcp", port: 9, type: "host" }
node_modules__pnpm_5c64c424._.js:6290:36
[usePeerConnection] ICE candidate found (incoming): 
Object { candidate: "candidate:3 1 TCP 2105524479 0aa71f0f-68e7-49be-a844-b6fd40c40207.local 9 typ host tcptype active", protocol: "tcp", type: "host" }
_b6e63bcf._.js:403:45
[usePeerConnection] ICE connection state (incoming): checking _b6e63bcf._.js:379:45
[usePeerConnection] Connection state (incoming): connecting _b6e63bcf._.js:389:45
PeerJS:  Received ICE candidates for 6b257183-1509-41c9-b51d-031d723f2ada: 
RTCIceCandidate { candidate: "candidate:1 1 UDP 1686052863 84.196.132.90 53230 typ srflx raddr 0.0.0.0 rport 0", sdpMid: "0", sdpMLineIndex: 0, foundation: "1", component: "rtp", priority: 1686052863, address: "84.196.132.90", protocol: "udp", port: 53230, type: "srflx" }
node_modules__pnpm_5c64c424._.js:6290:36
[usePeerConnection] ICE candidate found (incoming): 
Object { candidate: "candidate:1 1 UDP 1686052863 84.196.132.90 53230 typ srflx raddr 0.0.0.0 rport 0", protocol: "udp", type: "srflx" }
_b6e63bcf._.js:403:45
[Fast Refresh] rebuilding ca6f2_next_dist_client_84d8f360._.js:14984:17
[Fast Refresh] done in 3697ms ca6f2_next_dist_client_84d8f360._.js:14848:13
[Fast Refresh] rebuilding ca6f2_next_dist_client_84d8f360._.js:14984:17
[Fast Refresh] done in 562ms ca6f2_next_dist_client_84d8f360._.js:14848:13
WebRTC: ICE failed, your TURN server appears to be broken, see about:webrtc for more details
PeerJS:  iceConnectionState is failed, closing connections to 6b257183-1509-41c9-b51d-031d723f2ada node_modules__pnpm_5c64c424._.js:6290:36
ERROR PeerJS:  Error: Negotiation of connection to 6b257183-1509-41c9-b51d-031d723f2ada failed. <anonymous code>:1:147461
[usePeerConnection] Incoming connection error: 
Object { error: "Negotiation of connection to 6b257183-1509-41c9-b51d-031d723f2ada failed.", type: "negotiation-failed", peer: "6b257183-1509-41c9-b51d-031d723f2ada" }
<anonymous code>:1:147461
PeerJS:  Cleaning up PeerConnection to 6b257183-1509-41c9-b51d-031d723f2ada node_modules__pnpm_5c64c424._.js:6290:36
PeerJS:  Server message received: 
Object { type: "OFFER", src: "6b257183-1509-41c9-b51d-031d723f2ada", dst: "2318250f-e3a5-45f3-9dd9-1ca9319c8876", payload: {…} }
node_modules__pnpm_5c64c424._.js:6290:36
PeerJS:  Creating RTCPeerConnection. node_modules__pnpm_5c64c424._.js:6290:36
WebRTC: Using five or more STUN/TURN servers slows down discovery 4 node_modules__pnpm_5c64c424._.js:6768
PeerJS:  Listening for ICE candidates. node_modules__pnpm_5c64c424._.js:6290:36
PeerJS:  Listening for data channel node_modules__pnpm_5c64c424._.js:6290:36
PeerJS:  Listening for remote stream node_modules__pnpm_5c64c424._.js:6290:36
PeerJS:  Setting remote description 
RTCSessionDescription { type: "offer", sdp: "v=0\r\no=- 628365946828580105 2 IN IP4 127.0.0.1\r\ns=-\r\nt=0 0\r\na=group:BUNDLE 0\r\na=extmap-allow-mixed\r\na=msid-semantic: WMS\r\nm=application 9 UDP/DTLS/SCTP webrtc-datachannel\r\nc=IN IP4 0.0.0.0\r\na=ice-ufrag:PdCr\r\na=ice-pwd:o3iGkRZrpcUV2T5aD2yP3qXY\r\na=ice-options:trickle\r\na=fingerprint:sha-256 25:E6:69:30:05:4F:A5:44:BA:86:E9:57:91:A0:B6:03:F5:A1:BE:75:2F:4B:9E:10:DE:2C:DD:B0:2A:B5:63:C2\r\na=setup:actpass\r\na=mid:0\r\na=sctp-port:5000\r\na=max-message-size:262144\r\n" }
node_modules__pnpm_5c64c424._.js:6290:36
PeerJS:  add connection data:dc_841m9txbyk8 to peerId:6b257183-1509-41c9-b51d-031d723f2ada node_modules__pnpm_5c64c424._.js:6290:36
[usePeerConnection] Incoming connection received: 6b257183-1509-41c9-b51d-031d723f2ada _b6e63bcf._.js:303:29
[usePeerConnection] Connection details: 
Object { peer: "6b257183-1509-41c9-b51d-031d723f2ada", connectionId: "dc_841m9txbyk8", reliable: false, type: "data", open: false }
_b6e63bcf._.js:304:29
[TransferPage] Status: connected PeerID: 2318250f-e3a5-45f3-9dd9-1ca9319c8876 _b6e63bcf._.js:2042:13
[TransferPage] Status: connected PeerID: 2318250f-e3a5-45f3-9dd9-1ca9319c8876 <anonymous code>:1:150327
PeerJS:  Server message received: 
Object { type: "CANDIDATE", src: "6b257183-1509-41c9-b51d-031d723f2ada", dst: "2318250f-e3a5-45f3-9dd9-1ca9319c8876", payload: {…} }
node_modules__pnpm_5c64c424._.js:6290:36
PeerJS:  handleCandidate: 
Object { candidate: "candidate:827676593 1 udp 2113937151 e5d87764-acf3-4184-aa00-1d649dfc58af.local 64272 typ host generation 0 ufrag PdCr network-cost 999", sdpMid: "0", sdpMLineIndex: 0, usernameFragment: "PdCr" }
node_modules__pnpm_5c64c424._.js:6290:36
PeerJS:  Server message received: 
Object { type: "CANDIDATE", src: "6b257183-1509-41c9-b51d-031d723f2ada", dst: "2318250f-e3a5-45f3-9dd9-1ca9319c8876", payload: {…} }
node_modules__pnpm_5c64c424._.js:6290:36
PeerJS:  handleCandidate: 
Object { candidate: "candidate:1306074376 1 udp 2113939711 f5312ff8-0307-42fb-a47d-7a3274be1c8d.local 61840 typ host generation 0 ufrag PdCr network-cost 999", sdpMid: "0", sdpMLineIndex: 0, usernameFragment: "PdCr" }
node_modules__pnpm_5c64c424._.js:6290:36
PeerJS:  Set remoteDescription:OFFER for:6b257183-1509-41c9-b51d-031d723f2ada node_modules__pnpm_5c64c424._.js:6290:36
PeerJS:  Added ICE candidate for:6b257183-1509-41c9-b51d-031d723f2ada 2 node_modules__pnpm_5c64c424._.js:6290:36
PeerJS:  Created answer. node_modules__pnpm_5c64c424._.js:6290:36
PeerJS:  Set localDescription: 
Object { type: "answer", sdp: "v=0\r\no=mozilla...THIS_IS_SDPARTA-99.0 4500302145919301222 0 IN IP4 0.0.0.0\r\ns=-\r\nt=0 0\r\na=extmap-allow-mixed\r\na=fingerprint:sha-256 D1:7A:1E:F1:AD:66:B8:4E:4D:D9:5D:5A:2F:6C:75:6B:C5:C5:A0:84:DB:F2:63:91:57:55:3F:B3:04:DD:30:19\r\na=group:BUNDLE 0\r\na=ice-options:trickle\r\na=msid-semantic:WMS *\r\nm=application 9 UDP/DTLS/SCTP webrtc-datachannel\r\nc=IN IP4 0.0.0.0\r\na=sendrecv\r\na=extmap-allow-mixed\r\na=ice-pwd:b128dad7a53886654f68b1ab2f0698c4\r\na=ice-ufrag:322b4ba6\r\na=mid:0\r\na=setup:active\r\na=sctp-port:5000\r\na=max-message-size:1073741823\r\n" }
 for:6b257183-1509-41c9-b51d-031d723f2ada node_modules__pnpm_5c64c424._.js:6290:36
[usePeerConnection] ICE gathering state (incoming): gathering _b6e63bcf._.js:396:45
PeerJS:  Received ICE candidates for 6b257183-1509-41c9-b51d-031d723f2ada: 
RTCIceCandidate { candidate: "candidate:0 1 UDP 2122252543 021770c7-beca-4e1d-9329-f739afcd9a4e.local 50604 typ host", sdpMid: "0", sdpMLineIndex: 0, foundation: "0", component: "rtp", priority: 2122252543, address: "021770c7-beca-4e1d-9329-f739afcd9a4e.local", protocol: "udp", port: 50604, type: "host" }
node_modules__pnpm_5c64c424._.js:6290:36
[usePeerConnection] ICE candidate found (incoming): 
Object { candidate: "candidate:0 1 UDP 2122252543 021770c7-beca-4e1d-9329-f739afcd9a4e.local 50604 typ host", protocol: "udp", type: "host" }
_b6e63bcf._.js:403:45
PeerJS:  Received ICE candidates for 6b257183-1509-41c9-b51d-031d723f2ada: 
RTCIceCandidate { candidate: "candidate:3 1 TCP 2105524479 021770c7-beca-4e1d-9329-f739afcd9a4e.local 9 typ host tcptype active", sdpMid: "0", sdpMLineIndex: 0, foundation: "3", component: "rtp", priority: 2105524479, address: "021770c7-beca-4e1d-9329-f739afcd9a4e.local", protocol: "tcp", port: 9, type: "host" }
node_modules__pnpm_5c64c424._.js:6290:36
[usePeerConnection] ICE candidate found (incoming): 
Object { candidate: "candidate:3 1 TCP 2105524479 021770c7-beca-4e1d-9329-f739afcd9a4e.local 9 typ host tcptype active", protocol: "tcp", type: "host" }
_b6e63bcf._.js:403:45
PeerJS:  Server message received: 
Object { type: "CANDIDATE", src: "6b257183-1509-41c9-b51d-031d723f2ada", dst: "2318250f-e3a5-45f3-9dd9-1ca9319c8876", payload: {…} }
node_modules__pnpm_5c64c424._.js:6290:36
PeerJS:  handleCandidate: 
Object { candidate: "candidate:3629390911 1 udp 1677729535 84.196.132.90 64272 typ srflx raddr 0.0.0.0 rport 0 generation 0 ufrag PdCr network-cost 999", sdpMid: "0", sdpMLineIndex: 0, usernameFragment: "PdCr" }
node_modules__pnpm_5c64c424._.js:6290:36
PeerJS:  Added ICE candidate for:6b257183-1509-41c9-b51d-031d723f2ada node_modules__pnpm_5c64c424._.js:6290:36
[usePeerConnection] ICE connection state (incoming): checking _b6e63bcf._.js:379:45
[usePeerConnection] Connection state (incoming): connecting _b6e63bcf._.js:389:45
PeerJS:  Server message received: 
Object { type: "CANDIDATE", src: "6b257183-1509-41c9-b51d-031d723f2ada", dst: "2318250f-e3a5-45f3-9dd9-1ca9319c8876", payload: {…} }
node_modules__pnpm_5c64c424._.js:6290:36
PeerJS:  handleCandidate: 
Object { candidate: "candidate:4237471077 1 udp 1677732095 2a02:1810:3d2d:8700:93d:195f:6c14:971b 61840 typ srflx raddr :: rport 0 generation 0 ufrag PdCr network-cost 999", sdpMid: "0", sdpMLineIndex: 0, usernameFragment: "PdCr" }
node_modules__pnpm_5c64c424._.js:6290:36
PeerJS:  Added ICE candidate for:6b257183-1509-41c9-b51d-031d723f2ada node_modules__pnpm_5c64c424._.js:6290:36
PeerJS:  Received ICE candidates for 6b257183-1509-41c9-b51d-031d723f2ada: 
RTCIceCandidate { candidate: "candidate:1 1 UDP 1686051839 84.196.132.90 50604 typ srflx raddr 0.0.0.0 rport 0", sdpMid: "0", sdpMLineIndex: 0, foundation: "1", component: "rtp", priority: 1686051839, address: "84.196.132.90", protocol: "udp", port: 50604, type: "srflx" }
node_modules__pnpm_5c64c424._.js:6290:36
[usePeerConnection] ICE candidate found (incoming): 
Object { candidate: "candidate:1 1 UDP 1686051839 84.196.132.90 50604 typ srflx raddr 0.0.0.0 rport 0", protocol: "udp", type: "srflx" }
_b6e63bcf._.js:403:45
WebRTC: ICE failed, your TURN server appears to be broken, see about:webrtc for more details
PeerJS:  iceConnectionState is failed, closing connections to 6b257183-1509-41c9-b51d-031d723f2ada node_modules__pnpm_5c64c424._.js:6290:36
ERROR PeerJS:  Error: Negotiation of connection to 6b257183-1509-41c9-b51d-031d723f2ada failed. <anonymous code>:1:147461
[usePeerConnection] Incoming connection error: 
Object { error: "Negotiation of connection to 6b257183-1509-41c9-b51d-031d723f2ada failed.", type: "negotiation-failed", peer: "6b257183-1509-41c9-b51d-031d723f2ada" }
<anonymous code>:1:147461
PeerJS:  Cleaning up PeerConnection to 6b257183-1509-41c9-b51d-031d723f2ada node_modules__pnpm_5c64c424._.js:6290:36
PeerJS:  Server message received: 
Object { type: "OFFER", src: "6b257183-1509-41c9-b51d-031d723f2ada", dst: "2318250f-e3a5-45f3-9dd9-1ca9319c8876", payload: {…} }
node_modules__pnpm_5c64c424._.js:6290:36
PeerJS:  Creating RTCPeerConnection. node_modules__pnpm_5c64c424._.js:6290:36
WebRTC: Using five or more STUN/TURN servers slows down discovery 4 node_modules__pnpm_5c64c424._.js:6768
PeerJS:  Listening for ICE candidates. node_modules__pnpm_5c64c424._.js:6290:36
PeerJS:  Listening for data channel node_modules__pnpm_5c64c424._.js:6290:36
PeerJS:  Listening for remote stream node_modules__pnpm_5c64c424._.js:6290:36
PeerJS:  Setting remote description 
RTCSessionDescription { type: "offer", sdp: "v=0\r\no=- 4828767138763377952 2 IN IP4 127.0.0.1\r\ns=-\r\nt=0 0\r\na=group:BUNDLE 0\r\na=extmap-allow-mixed\r\na=msid-semantic: WMS\r\nm=application 9 UDP/DTLS/SCTP webrtc-datachannel\r\nc=IN IP4 0.0.0.0\r\na=ice-ufrag:NBVl\r\na=ice-pwd:/T9WyWlVurpYPWyR/a7QqFh0\r\na=ice-options:trickle\r\na=fingerprint:sha-256 65:75:CB:4C:CF:00:7A:D1:A9:93:DB:8A:3F:3A:57:D8:3E:7D:20:95:D8:CF:DE:6E:8F:0F:53:C4:0A:67:75:3E\r\na=setup:actpass\r\na=mid:0\r\na=sctp-port:5000\r\na=max-message-size:262144\r\n" }
node_modules__pnpm_5c64c424._.js:6290:36
PeerJS:  add connection data:dc_vr0t26lbsc8 to peerId:6b257183-1509-41c9-b51d-031d723f2ada node_modules__pnpm_5c64c424._.js:6290:36
[usePeerConnection] Incoming connection received: 6b257183-1509-41c9-b51d-031d723f2ada _b6e63bcf._.js:303:29
[usePeerConnection] Connection details: 
Object { peer: "6b257183-1509-41c9-b51d-031d723f2ada", connectionId: "dc_vr0t26lbsc8", reliable: false, type: "data", open: false }
_b6e63bcf._.js:304:29
[TransferPage] Status: connected PeerID: 2318250f-e3a5-45f3-9dd9-1ca9319c8876 _b6e63bcf._.js:2042:13
[TransferPage] Status: connected PeerID: 2318250f-e3a5-45f3-9dd9-1ca9319c8876 <anonymous code>:1:150327
PeerJS:  Set remoteDescription:OFFER for:6b257183-1509-41c9-b51d-031d723f2ada node_modules__pnpm_5c64c424._.js:6290:36
PeerJS:  Created answer. node_modules__pnpm_5c64c424._.js:6290:36
PeerJS:  Set localDescription: 
Object { type: "answer", sdp: "v=0\r\no=mozilla...THIS_IS_SDPARTA-99.0 5427053676270980606 0 IN IP4 0.0.0.0\r\ns=-\r\nt=0 0\r\na=extmap-allow-mixed\r\na=fingerprint:sha-256 F8:8E:3B:6C:1F:8A:2F:D0:31:5B:85:55:3F:15:70:ED:29:42:67:57:13:2B:BA:AC:67:C5:E9:38:C7:72:94:6F\r\na=group:BUNDLE 0\r\na=ice-options:trickle\r\na=msid-semantic:WMS *\r\nm=application 9 UDP/DTLS/SCTP webrtc-datachannel\r\nc=IN IP4 0.0.0.0\r\na=sendrecv\r\na=extmap-allow-mixed\r\na=ice-pwd:ecd817acb4b8baa7f40385419ef381bd\r\na=ice-ufrag:859a3cfc\r\na=mid:0\r\na=setup:active\r\na=sctp-port:5000\r\na=max-message-size:1073741823\r\n" }
 for:6b257183-1509-41c9-b51d-031d723f2ada node_modules__pnpm_5c64c424._.js:6290:36
[usePeerConnection] ICE gathering state (incoming): gathering _b6e63bcf._.js:396:45
PeerJS:  Received ICE candidates for 6b257183-1509-41c9-b51d-031d723f2ada: 
RTCIceCandidate { candidate: "candidate:0 1 UDP 2122252543 94b1ae3a-18e2-48b0-850d-f13189ba4368.local 50927 typ host", sdpMid: "0", sdpMLineIndex: 0, foundation: "0", component: "rtp", priority: 2122252543, address: "94b1ae3a-18e2-48b0-850d-f13189ba4368.local", protocol: "udp", port: 50927, type: "host" }
node_modules__pnpm_5c64c424._.js:6290:36
[usePeerConnection] ICE candidate found (incoming): 
Object { candidate: "candidate:0 1 UDP 2122252543 94b1ae3a-18e2-48b0-850d-f13189ba4368.local 50927 typ host", protocol: "udp", type: "host" }
_b6e63bcf._.js:403:45
PeerJS:  Received ICE candidates for 6b257183-1509-41c9-b51d-031d723f2ada: 
RTCIceCandidate { candidate: "candidate:3 1 TCP 2105524479 94b1ae3a-18e2-48b0-850d-f13189ba4368.local 9 typ host tcptype active", sdpMid: "0", sdpMLineIndex: 0, foundation: "3", component: "rtp", priority: 2105524479, address: "94b1ae3a-18e2-48b0-850d-f13189ba4368.local", protocol: "tcp", port: 9, type: "host" }
node_modules__pnpm_5c64c424._.js:6290:36
[usePeerConnection] ICE candidate found (incoming): 
Object { candidate: "candidate:3 1 TCP 2105524479 94b1ae3a-18e2-48b0-850d-f13189ba4368.local 9 typ host tcptype active", protocol: "tcp", type: "host" }
_b6e63bcf._.js:403:45
PeerJS:  Received ICE candidates for 6b257183-1509-41c9-b51d-031d723f2ada: 
RTCIceCandidate { candidate: "candidate:1 1 UDP 1686052863 84.196.132.90 50927 typ srflx raddr 0.0.0.0 rport 0", sdpMid: "0", sdpMLineIndex: 0, foundation: "1", component: "rtp", priority: 1686052863, address: "84.196.132.90", protocol: "udp", port: 50927, type: "srflx" }
node_modules__pnpm_5c64c424._.js:6290:36
[usePeerConnection] ICE candidate found (incoming): 
Object { candidate: "candidate:1 1 UDP 1686052863 84.196.132.90 50927 typ srflx raddr 0.0.0.0 rport 0", protocol: "udp", type: "srflx" }
_b6e63bcf._.js:403:45
PeerJS:  Server message received: 
Object { type: "CANDIDATE", src: "6b257183-1509-41c9-b51d-031d723f2ada", dst: "2318250f-e3a5-45f3-9dd9-1ca9319c8876", payload: {…} }
node_modules__pnpm_5c64c424._.js:6290:36
PeerJS:  handleCandidate: 
Object { candidate: "candidate:2627842722 1 udp 2113937151 e5d87764-acf3-4184-aa00-1d649dfc58af.local 53830 typ host generation 0 ufrag NBVl network-cost 999", sdpMid: "0", sdpMLineIndex: 0, usernameFragment: "NBVl" }
node_modules__pnpm_5c64c424._.js:6290:36
PeerJS:  Added ICE candidate for:6b257183-1509-41c9-b51d-031d723f2ada node_modules__pnpm_5c64c424._.js:6290:36
PeerJS:  Server message received: 
Object { type: "CANDIDATE", src: "6b257183-1509-41c9-b51d-031d723f2ada", dst: "2318250f-e3a5-45f3-9dd9-1ca9319c8876", payload: {…} }
node_modules__pnpm_5c64c424._.js:6290:36
PeerJS:  handleCandidate: 
Object { candidate: "candidate:3422862444 1 udp 2113939711 f5312ff8-0307-42fb-a47d-7a3274be1c8d.local 63160 typ host generation 0 ufrag NBVl network-cost 999", sdpMid: "0", sdpMLineIndex: 0, usernameFragment: "NBVl" }
node_modules__pnpm_5c64c424._.js:6290:36
PeerJS:  Added ICE candidate for:6b257183-1509-41c9-b51d-031d723f2ada node_modules__pnpm_5c64c424._.js:6290:36
PeerJS:  Server message received: 
Object { type: "CANDIDATE", src: "6b257183-1509-41c9-b51d-031d723f2ada", dst: "2318250f-e3a5-45f3-9dd9-1ca9319c8876", payload: {…} }
node_modules__pnpm_5c64c424._.js:6290:36
PeerJS:  handleCandidate: 
Object { candidate: "candidate:4266592676 1 udp 1677729535 84.196.132.90 53830 typ srflx raddr 0.0.0.0 rport 0 generation 0 ufrag NBVl network-cost 999", sdpMid: "0", sdpMLineIndex: 0, usernameFragment: "NBVl" }
node_modules__pnpm_5c64c424._.js:6290:36
PeerJS:  Added ICE candidate for:6b257183-1509-41c9-b51d-031d723f2ada node_modules__pnpm_5c64c424._.js:6290:36
[usePeerConnection] ICE connection state (incoming): checking _b6e63bcf._.js:379:45
[usePeerConnection] Connection state (incoming): connecting _b6e63bcf._.js:389:45
PeerJS:  Server message received: 
Object { type: "CANDIDATE", src: "6b257183-1509-41c9-b51d-031d723f2ada", dst: "2318250f-e3a5-45f3-9dd9-1ca9319c8876", payload: {…} }
node_modules__pnpm_5c64c424._.js:6290:36
PeerJS:  handleCandidate: 
Object { candidate: "candidate:2354967895 1 udp 1677732095 2a02:1810:3d2d:8700:93d:195f:6c14:971b 63160 typ srflx raddr :: rport 0 generation 0 ufrag NBVl network-cost 999", sdpMid: "0", sdpMLineIndex: 0, usernameFragment: "NBVl" }
node_modules__pnpm_5c64c424._.js:6290:36
PeerJS:  Added ICE candidate for:6b257183-1509-41c9-b51d-031d723f2ada node_modules__pnpm_5c64c424._.js:6290:36
WebRTC: ICE failed, your TURN server appears to be broken, see about:webrtc for more details
PeerJS:  iceConnectionState is failed, closing connections to 6b257183-1509-41c9-b51d-031d723f2ada node_modules__pnpm_5c64c424._.js:6290:36
ERROR PeerJS:  Error: Negotiation of connection to 6b257183-1509-41c9-b51d-031d723f2ada failed. <anonymous code>:1:147461
[usePeerConnection] Incoming connection error: 
Object { error: "Negotiation of connection to 6b257183-1509-41c9-b51d-031d723f2ada failed.", type: "negotiation-failed", peer: "6b257183-1509-41c9-b51d-031d723f2ada" }
<anonymous code>:1:147461
PeerJS:  Cleaning up PeerConnection to 6b257183-1509-41c9-b51d-031d723f2ada node_modules__pnpm_5c64c424._.js:6290:36
