2318250f-e3a5-45f3-9dd9-1ca9319c8876:1 Unchecked runtime.lastError: The message port closed before a response was received.
react-dom-client.development.js:25022 Download the React DevTools for a better development experience: https://react.dev/link/react-devtools
page.tsx:15 [JoinPage] Status: disconnected My PeerID: null Sender PeerID: 2318250f-e3a5-45f3-9dd9-1ca9319c8876
page.tsx:15 [JoinPage] Status: disconnected My PeerID: null Sender PeerID: 2318250f-e3a5-45f3-9dd9-1ca9319c8876
use-peer-connection.ts:47 [usePeerConnection] Initializing new peer with ID: undefined
use-peer-connection.ts:48 [usePeerConnection] Server config: Custom Server: https://null-peer-server.sliplane.app:443/ (3 STUN, 5 TURN servers)
use-peer-connection.ts:49 [usePeerConnection] ICE servers: (8) ['stun:stun.l.google.com:19302', 'stun:stun1.l.google.com:19302', 'stun:stun.cloudflare.com:3478', 'turn:a.relay.metered.ca:80', 'turn:a.relay.metered.ca:443', 'turns:a.relay.metered.ca:443?transport=tcp', 'turn:relay1.expressturn.com:3478', 'turn:numb.viagenie.ca:3478']
peer-config.ts:220 [TURN Test] Starting TURN server connectivity test...
use-peer-connection.ts:58 [usePeerConnection] Full PeerJS config: {
  "debug": 3,
  "config": {
    "iceServers": [
      {
        "urls": "stun:stun.l.google.com:19302"
      },
      {
        "urls": "stun:stun1.l.google.com:19302"
      },
      {
        "urls": "stun:stun.cloudflare.com:3478"
      },
      {
        "urls": "turn:a.relay.metered.ca:80",
        "username": "e46b04279917ad3e74ce808e",
        "credential": "nVQbPOmeQMmQHy9j"
      },
      {
        "urls": "turn:a.relay.metered.ca:443",
        "username": "e46b04279917ad3e74ce808e",
        "credential": "nVQbPOmeQMmQHy9j"
      },
      {
        "urls": "turns:a.relay.metered.ca:443?transport=tcp",
        "username": "e46b04279917ad3e74ce808e",
        "credential": "nVQbPOmeQMmQHy9j"
      },
      {
        "urls": "turn:relay1.expressturn.com:3478",
        "username": "efJX3B48EZBZAHK3Y2",
        "credential": "VLDnR2fvqo9tdHoE"
      },
      {
        "urls": "turn:numb.viagenie.ca:3478",
        "username": "webrtc@live.com",
        "credential": "muazkh"
      }
    ],
    "iceCandidatePoolSize": 10,
    "iceTransportPolicy": "all",
    "bundlePolicy": "balanced",
    "rtcpMuxPolicy": "require"
  },
  "host": "null-peer-server.sliplane.app",
  "port": 443,
  "path": "/",
  "secure": true
}
use-peer-connection.ts:65 [usePeerConnection] Peer created: {id: 'auto-generated', destroyed: false, disconnected: false}
page.tsx:15 [JoinPage] Status: connecting My PeerID: null Sender PeerID: 2318250f-e3a5-45f3-9dd9-1ca9319c8876
page.tsx:15 [JoinPage] Status: connecting My PeerID: null Sender PeerID: 2318250f-e3a5-45f3-9dd9-1ca9319c8876
peer-config.ts:174 [TURN Test] Candidate for turn:a.relay.metered.ca:80: host
peer-config.ts:174 [TURN Test] Candidate for turn:a.relay.metered.ca:80: host
favicon-96x96.png:1  GET https://rnuau-81-83-39-191.a.free.pinggy.link/favicon-96x96.png 404 (Not Found)
Image
(anonymous) @ inpage.js:1
c @ inpage.js:1
a @ inpage.js:1
(anonymous) @ inpage.js:1
r.sendSiteMetadata @ inpage.js:1
e @ inpage.js:1
logger.ts:72 PeerJS:  Socket open
logger.ts:72 PeerJS:  Server message received: {type: 'OPEN'}
use-peer-connection.ts:81 [usePeerConnection] Peer opened with ID: 6b257183-1509-41c9-b51d-031d723f2ada
use-peer-connection.ts:82 [usePeerConnection] Peer connection details: {id: '6b257183-1509-41c9-b51d-031d723f2ada', destroyed: false, disconnected: false, connections: 0}
page.tsx:15 [JoinPage] Status: disconnected My PeerID: 6b257183-1509-41c9-b51d-031d723f2ada Sender PeerID: 2318250f-e3a5-45f3-9dd9-1ca9319c8876
page.tsx:15 [JoinPage] Status: disconnected My PeerID: 6b257183-1509-41c9-b51d-031d723f2ada Sender PeerID: 2318250f-e3a5-45f3-9dd9-1ca9319c8876
page.tsx:20 [JoinPage] Attempting to connect to sender
use-peer-connection.ts:287 [usePeerConnection] Attempting to connect to: 2318250f-e3a5-45f3-9dd9-1ca9319c8876
use-peer-connection.ts:291 [usePeerConnection] Current peer state: {id: '6b257183-1509-41c9-b51d-031d723f2ada', destroyed: false, disconnected: false, open: true}
use-peer-connection.ts:298 PeerJS:  Creating RTCPeerConnection.
use-peer-connection.ts:298 PeerJS:  Listening for ICE candidates.
use-peer-connection.ts:298 PeerJS:  Listening for data channel
use-peer-connection.ts:298 PeerJS:  Listening for remote stream
use-peer-connection.ts:298 PeerJS:  add connection data:dc_ip4u4o9q8j to peerId:2318250f-e3a5-45f3-9dd9-1ca9319c8876
use-peer-connection.ts:300 [usePeerConnection] Connection object created: {connectionId: 'dc_ip4u4o9q8j', open: false, peer: '2318250f-e3a5-45f3-9dd9-1ca9319c8876'}
logger.ts:72 PeerJS:  Created offer.
page.tsx:15 [JoinPage] Status: connecting My PeerID: 6b257183-1509-41c9-b51d-031d723f2ada Sender PeerID: 2318250f-e3a5-45f3-9dd9-1ca9319c8876
page.tsx:15 [JoinPage] Status: connecting My PeerID: 6b257183-1509-41c9-b51d-031d723f2ada Sender PeerID: 2318250f-e3a5-45f3-9dd9-1ca9319c8876
logger.ts:72 PeerJS:  Set localDescription: {sdp: 'v=0\r\no=- 8528735817670420997 2 IN IP4 127.0.0.1\r\ns…:0\r\na=sctp-port:5000\r\na=max-message-size:262144\r\n', type: 'offer'} for:2318250f-e3a5-45f3-9dd9-1ca9319c8876
use-peer-connection.ts:455 [usePeerConnection] ICE gathering state (outgoing): gathering
logger.ts:72 PeerJS:  Received ICE candidates for 2318250f-e3a5-45f3-9dd9-1ca9319c8876: RTCIceCandidate {candidate: 'candidate:98325040 1 udp 2113937151 e5d87764-acf3-…typ host generation 0 ufrag bw2/ network-cost 999', sdpMid: '0', sdpMLineIndex: 0, foundation: '98325040', component: 'rtp', …}
use-peer-connection.ts:478 [usePeerConnection] ICE candidate found (outgoing): {candidate: 'candidate:98325040 1 udp 2113937151 e5d87764-acf3-…typ host generation 0 ufrag bw2/ network-cost 999', protocol: 'udp', type: 'host', foundation: '98325040', priority: 2113937151, …}
logger.ts:72 PeerJS:  Received ICE candidates for 2318250f-e3a5-45f3-9dd9-1ca9319c8876: RTCIceCandidate {candidate: 'candidate:1434017022 1 udp 2113939711 f5312ff8-030…typ host generation 0 ufrag bw2/ network-cost 999', sdpMid: '0', sdpMLineIndex: 0, foundation: '1434017022', component: 'rtp', …}
use-peer-connection.ts:478 [usePeerConnection] ICE candidate found (outgoing): {candidate: 'candidate:1434017022 1 udp 2113939711 f5312ff8-030…typ host generation 0 ufrag bw2/ network-cost 999', protocol: 'udp', type: 'host', foundation: '1434017022', priority: 2113939711, …}
logger.ts:72 PeerJS:  Received ICE candidates for 2318250f-e3a5-45f3-9dd9-1ca9319c8876: RTCIceCandidate {candidate: 'candidate:354424261 1 udp 1677732095 2a02:1810:3d2… rport 0 generation 0 ufrag bw2/ network-cost 999', sdpMid: '0', sdpMLineIndex: 0, foundation: '354424261', component: 'rtp', …}
use-peer-connection.ts:478 [usePeerConnection] ICE candidate found (outgoing): {candidate: 'candidate:354424261 1 udp 1677732095 2a02:1810:3d2… rport 0 generation 0 ufrag bw2/ network-cost 999', protocol: 'udp', type: 'srflx', foundation: '354424261', priority: 1677732095, …}
logger.ts:72 PeerJS:  Received ICE candidates for 2318250f-e3a5-45f3-9dd9-1ca9319c8876: RTCIceCandidate {candidate: 'candidate:1731389750 1 udp 1677729535 84.196.132.9… rport 0 generation 0 ufrag bw2/ network-cost 999', sdpMid: '0', sdpMLineIndex: 0, foundation: '1731389750', component: 'rtp', …}
use-peer-connection.ts:478 [usePeerConnection] ICE candidate found (outgoing): {candidate: 'candidate:1731389750 1 udp 1677729535 84.196.132.9… rport 0 generation 0 ufrag bw2/ network-cost 999', protocol: 'udp', type: 'srflx', foundation: '1731389750', priority: 1677729535, …}
2318250f-e3a5-45f3-9dd9-1ca9319c8876:1 Unchecked runtime.lastError: The message port closed before a response was received.
logger.ts:72 PeerJS:  Server message received: {type: 'ANSWER', src: '2318250f-e3a5-45f3-9dd9-1ca9319c8876', dst: '6b257183-1509-41c9-b51d-031d723f2ada', payload: {…}}
logger.ts:72 PeerJS:  Setting remote description RTCSessionDescription {type: 'answer', sdp: 'v=0\r\no=mozilla...THIS_IS_SDPARTA-99.0 829404943380…a=sctp-port:5000\r\na=max-message-size:1073741823\r\n'}
logger.ts:72 PeerJS:  Server message received: {type: 'CANDIDATE', src: '2318250f-e3a5-45f3-9dd9-1ca9319c8876', dst: '6b257183-1509-41c9-b51d-031d723f2ada', payload: {…}}
logger.ts:72 PeerJS:  handleCandidate: {candidate: 'candidate:0 1 UDP 2122252543 0aa71f0f-68e7-49be-a844-b6fd40c40207.local 53230 typ host', sdpMLineIndex: 0, sdpMid: '0', usernameFragment: '09d58d4a'}
logger.ts:72 PeerJS:  Server message received: {type: 'CANDIDATE', src: '2318250f-e3a5-45f3-9dd9-1ca9319c8876', dst: '6b257183-1509-41c9-b51d-031d723f2ada', payload: {…}}
logger.ts:72 PeerJS:  handleCandidate: {candidate: 'candidate:3 1 TCP 2105524479 0aa71f0f-68e7-49be-a844-b6fd40c40207.local 9 typ host tcptype active', sdpMLineIndex: 0, sdpMid: '0', usernameFragment: '09d58d4a'}
logger.ts:72 PeerJS:  Set remoteDescription:ANSWER for:2318250f-e3a5-45f3-9dd9-1ca9319c8876
logger.ts:72 PeerJS:  Added ICE candidate for:2318250f-e3a5-45f3-9dd9-1ca9319c8876
logger.ts:72 PeerJS:  Added ICE candidate for:2318250f-e3a5-45f3-9dd9-1ca9319c8876
logger.ts:72 PeerJS:  Server message received: {type: 'CANDIDATE', src: '2318250f-e3a5-45f3-9dd9-1ca9319c8876', dst: '6b257183-1509-41c9-b51d-031d723f2ada', payload: {…}}
logger.ts:72 PeerJS:  handleCandidate: {candidate: 'candidate:1 1 UDP 1686052863 84.196.132.90 53230 typ srflx raddr 0.0.0.0 rport 0', sdpMLineIndex: 0, sdpMid: '0', usernameFragment: '09d58d4a'}
logger.ts:72 PeerJS:  Added ICE candidate for:2318250f-e3a5-45f3-9dd9-1ca9319c8876
use-peer-connection.ts:433 [usePeerConnection] ICE connection state (outgoing): checking
use-peer-connection.ts:447 [usePeerConnection] Connection state (outgoing): connecting
site.webmanifest:1 Manifest: Line: 1, column: 1, Syntax error.
turbopack-hot-reloader-common.ts:41 [Fast Refresh] rebuilding
report-hmr-latency.ts:26 [Fast Refresh] done in 3704ms
turbopack-hot-reloader-common.ts:41 [Fast Refresh] rebuilding
report-hmr-latency.ts:26 [Fast Refresh] done in 104ms
turbopack-hot-reloader-common.ts:41 [Fast Refresh] rebuilding
report-hmr-latency.ts:26 [Fast Refresh] done in 589ms
peer-config.ts:174 [TURN Test] Candidate for turn:a.relay.metered.ca:443: host
peer-config.ts:174 [TURN Test] Candidate for turn:a.relay.metered.ca:443: host
logger.ts:72 PeerJS:  iceConnectionState changed to disconnected on the connection with 2318250f-e3a5-45f3-9dd9-1ca9319c8876
use-peer-connection.ts:433 [usePeerConnection] ICE connection state (outgoing): disconnected
use-peer-connection.ts:447 [usePeerConnection] Connection state (outgoing): failed
use-peer-connection.ts:449 [usePeerConnection] 🚫 WebRTC connection failed completely
error @ intercept-console-error.ts:40
usePeerConnection.useCallback[connect] @ use-peer-connection.ts:449
peer-config.ts:174 [TURN Test] Candidate for turns:a.relay.metered.ca:443?transport=tcp: host
peer-config.ts:174 [TURN Test] Candidate for turns:a.relay.metered.ca:443?transport=tcp: host
peer-config.ts:174 [TURN Test] Candidate for turn:relay1.expressturn.com:3478: host
peer-config.ts:174 [TURN Test] Candidate for turn:relay1.expressturn.com:3478: host
peer-config.ts:174 [TURN Test] Candidate for turn:relay1.expressturn.com:3478: srflx
peer-config.ts:174 [TURN Test] Candidate for turn:numb.viagenie.ca:3478: host
peer-config.ts:174 [TURN Test] Candidate for turn:numb.viagenie.ca:3478: host
peer-config.ts:222 [TURN Test] 🧪 TURN Server Connectivity Results:
peer-config.ts:227 [TURN Test] ❌ turn:a.relay.metered.ca:80 - FAILED: Timeout - no relay candidates found
error @ intercept-console-error.ts:40
(anonymous) @ peer-config.ts:227
(anonymous) @ peer-config.ts:223
peer-config.ts:227 [TURN Test] ❌ turn:a.relay.metered.ca:443 - FAILED: Timeout - no relay candidates found
error @ intercept-console-error.ts:40
(anonymous) @ peer-config.ts:227
(anonymous) @ peer-config.ts:223
peer-config.ts:227 [TURN Test] ❌ turns:a.relay.metered.ca:443?transport=tcp - FAILED: No relay candidates generated
error @ intercept-console-error.ts:40
(anonymous) @ peer-config.ts:227
(anonymous) @ peer-config.ts:223
peer-config.ts:227 [TURN Test] ❌ turn:relay1.expressturn.com:3478 - FAILED: No relay candidates generated
error @ intercept-console-error.ts:40
(anonymous) @ peer-config.ts:227
(anonymous) @ peer-config.ts:223
peer-config.ts:227 [TURN Test] ❌ turn:numb.viagenie.ca:3478 - FAILED: No relay candidates generated
error @ intercept-console-error.ts:40
(anonymous) @ peer-config.ts:227
(anonymous) @ peer-config.ts:223
peer-config.ts:233 [TURN Test] 📊 Summary: 0/5 TURN servers are reachable
peer-config.ts:236 [TURN Test] 🚨 CRITICAL: No TURN servers are reachable! WebRTC connections will likely fail behind NAT/firewall.
error @ intercept-console-error.ts:40
(anonymous) @ peer-config.ts:236
use-peer-connection.ts:512 [usePeerConnection] ⏰ Connection timeout after 30s
use-peer-connection.ts:513 [usePeerConnection] Timeout details: {targetPeer: '2318250f-e3a5-45f3-9dd9-1ca9319c8876', connectionState: 'not open', peerState: {…}, attemptsTotal: 0, timestamp: '2025-08-06T11:12:23.332Z'}
page.tsx:15 [JoinPage] Status: error My PeerID: 6b257183-1509-41c9-b51d-031d723f2ada Sender PeerID: 2318250f-e3a5-45f3-9dd9-1ca9319c8876
page.tsx:15 [JoinPage] Status: error My PeerID: 6b257183-1509-41c9-b51d-031d723f2ada Sender PeerID: 2318250f-e3a5-45f3-9dd9-1ca9319c8876
use-peer-connection.ts:532 [usePeerConnection] Retrying connection after timeout...
use-peer-connection.ts:287 [usePeerConnection] Attempting to connect to: 2318250f-e3a5-45f3-9dd9-1ca9319c8876
use-peer-connection.ts:291 [usePeerConnection] Current peer state: {id: '6b257183-1509-41c9-b51d-031d723f2ada', destroyed: false, disconnected: false, open: true}
use-peer-connection.ts:298 PeerJS:  Creating RTCPeerConnection.
use-peer-connection.ts:298 PeerJS:  Listening for ICE candidates.
use-peer-connection.ts:298 PeerJS:  Listening for data channel
use-peer-connection.ts:298 PeerJS:  Listening for remote stream
use-peer-connection.ts:298 PeerJS:  add connection data:dc_841m9txbyk8 to peerId:2318250f-e3a5-45f3-9dd9-1ca9319c8876
use-peer-connection.ts:300 [usePeerConnection] Connection object created: {connectionId: 'dc_841m9txbyk8', open: false, peer: '2318250f-e3a5-45f3-9dd9-1ca9319c8876'}
logger.ts:72 PeerJS:  Created offer.
page.tsx:15 [JoinPage] Status: connecting My PeerID: 6b257183-1509-41c9-b51d-031d723f2ada Sender PeerID: 2318250f-e3a5-45f3-9dd9-1ca9319c8876
page.tsx:15 [JoinPage] Status: connecting My PeerID: 6b257183-1509-41c9-b51d-031d723f2ada Sender PeerID: 2318250f-e3a5-45f3-9dd9-1ca9319c8876
logger.ts:72 PeerJS:  Set localDescription: {sdp: 'v=0\r\no=- 628365946828580105 2 IN IP4 127.0.0.1\r\ns=…:0\r\na=sctp-port:5000\r\na=max-message-size:262144\r\n', type: 'offer'} for:2318250f-e3a5-45f3-9dd9-1ca9319c8876
use-peer-connection.ts:455 [usePeerConnection] ICE gathering state (outgoing): gathering
logger.ts:72 PeerJS:  Received ICE candidates for 2318250f-e3a5-45f3-9dd9-1ca9319c8876: RTCIceCandidate {candidate: 'candidate:827676593 1 udp 2113937151 e5d87764-acf3…typ host generation 0 ufrag PdCr network-cost 999', sdpMid: '0', sdpMLineIndex: 0, foundation: '827676593', component: 'rtp', …}
use-peer-connection.ts:478 [usePeerConnection] ICE candidate found (outgoing): {candidate: 'candidate:827676593 1 udp 2113937151 e5d87764-acf3…typ host generation 0 ufrag PdCr network-cost 999', protocol: 'udp', type: 'host', foundation: '827676593', priority: 2113937151, …}
logger.ts:72 PeerJS:  Received ICE candidates for 2318250f-e3a5-45f3-9dd9-1ca9319c8876: RTCIceCandidate {candidate: 'candidate:1306074376 1 udp 2113939711 f5312ff8-030…typ host generation 0 ufrag PdCr network-cost 999', sdpMid: '0', sdpMLineIndex: 0, foundation: '1306074376', component: 'rtp', …}
use-peer-connection.ts:478 [usePeerConnection] ICE candidate found (outgoing): {candidate: 'candidate:1306074376 1 udp 2113939711 f5312ff8-030…typ host generation 0 ufrag PdCr network-cost 999', protocol: 'udp', type: 'host', foundation: '1306074376', priority: 2113939711, …}
logger.ts:72 PeerJS:  Received ICE candidates for 2318250f-e3a5-45f3-9dd9-1ca9319c8876: RTCIceCandidate {candidate: 'candidate:3629390911 1 udp 1677729535 84.196.132.9… rport 0 generation 0 ufrag PdCr network-cost 999', sdpMid: '0', sdpMLineIndex: 0, foundation: '3629390911', component: 'rtp', …}
use-peer-connection.ts:478 [usePeerConnection] ICE candidate found (outgoing): {candidate: 'candidate:3629390911 1 udp 1677729535 84.196.132.9… rport 0 generation 0 ufrag PdCr network-cost 999', protocol: 'udp', type: 'srflx', foundation: '3629390911', priority: 1677729535, …}
logger.ts:72 PeerJS:  Received ICE candidates for 2318250f-e3a5-45f3-9dd9-1ca9319c8876: RTCIceCandidate {candidate: 'candidate:4237471077 1 udp 1677732095 2a02:1810:3d… rport 0 generation 0 ufrag PdCr network-cost 999', sdpMid: '0', sdpMLineIndex: 0, foundation: '4237471077', component: 'rtp', …}
use-peer-connection.ts:478 [usePeerConnection] ICE candidate found (outgoing): {candidate: 'candidate:4237471077 1 udp 1677732095 2a02:1810:3d… rport 0 generation 0 ufrag PdCr network-cost 999', protocol: 'udp', type: 'srflx', foundation: '4237471077', priority: 1677732095, …}
logger.ts:72 PeerJS:  Server message received: {type: 'ANSWER', src: '2318250f-e3a5-45f3-9dd9-1ca9319c8876', dst: '6b257183-1509-41c9-b51d-031d723f2ada', payload: {…}}
logger.ts:72 PeerJS:  Setting remote description RTCSessionDescription {type: 'answer', sdp: 'v=0\r\no=mozilla...THIS_IS_SDPARTA-99.0 450030214591…a=sctp-port:5000\r\na=max-message-size:1073741823\r\n'}
logger.ts:72 PeerJS:  Server message received: {type: 'CANDIDATE', src: '2318250f-e3a5-45f3-9dd9-1ca9319c8876', dst: '6b257183-1509-41c9-b51d-031d723f2ada', payload: {…}}
logger.ts:72 PeerJS:  handleCandidate: {candidate: 'candidate:0 1 UDP 2122252543 021770c7-beca-4e1d-9329-f739afcd9a4e.local 50604 typ host', sdpMLineIndex: 0, sdpMid: '0', usernameFragment: '322b4ba6'}
logger.ts:72 PeerJS:  Server message received: {type: 'CANDIDATE', src: '2318250f-e3a5-45f3-9dd9-1ca9319c8876', dst: '6b257183-1509-41c9-b51d-031d723f2ada', payload: {…}}
logger.ts:72 PeerJS:  handleCandidate: {candidate: 'candidate:3 1 TCP 2105524479 021770c7-beca-4e1d-9329-f739afcd9a4e.local 9 typ host tcptype active', sdpMLineIndex: 0, sdpMid: '0', usernameFragment: '322b4ba6'}
logger.ts:72 PeerJS:  Set remoteDescription:ANSWER for:2318250f-e3a5-45f3-9dd9-1ca9319c8876
logger.ts:72 PeerJS:  Added ICE candidate for:2318250f-e3a5-45f3-9dd9-1ca9319c8876
logger.ts:72 PeerJS:  Added ICE candidate for:2318250f-e3a5-45f3-9dd9-1ca9319c8876
logger.ts:72 PeerJS:  Server message received: {type: 'CANDIDATE', src: '2318250f-e3a5-45f3-9dd9-1ca9319c8876', dst: '6b257183-1509-41c9-b51d-031d723f2ada', payload: {…}}
logger.ts:72 PeerJS:  handleCandidate: {candidate: 'candidate:1 1 UDP 1686051839 84.196.132.90 50604 typ srflx raddr 0.0.0.0 rport 0', sdpMLineIndex: 0, sdpMid: '0', usernameFragment: '322b4ba6'}
logger.ts:72 PeerJS:  Added ICE candidate for:2318250f-e3a5-45f3-9dd9-1ca9319c8876
use-peer-connection.ts:433 [usePeerConnection] ICE connection state (outgoing): checking
use-peer-connection.ts:447 [usePeerConnection] Connection state (outgoing): connecting
use-peer-connection.ts:455 [usePeerConnection] ICE gathering state (outgoing): complete
use-peer-connection.ts:500 [usePeerConnection] ICE gathering completed (outgoing)
use-peer-connection.ts:470 [usePeerConnection] 📊 Local candidates gathered: (6) [{…}, {…}, {…}, {…}, {…}, {…}]0: {type: 'srflx', protocol: 'udp', address: '2a02:1810:3d2d:8700:93d:195f:6c14:971b', port: 54588}1: {type: 'host', protocol: 'tcp', address: '', port: 9}2: {type: 'host', protocol: 'udp', address: '', port: 54588}3: {type: 'host', protocol: 'tcp', address: '', port: 9}4: {type: 'srflx', protocol: 'udp', address: '84.196.132.90', port: 58860}5: {type: 'host', protocol: 'udp', address: '', port: 58860}length: 6[[Prototype]]: Array(0)
logger.ts:72 PeerJS:  iceConnectionState changed to disconnected on the connection with 2318250f-e3a5-45f3-9dd9-1ca9319c8876
use-peer-connection.ts:433 [usePeerConnection] ICE connection state (outgoing): disconnected
use-peer-connection.ts:447 [usePeerConnection] Connection state (outgoing): failed
use-peer-connection.ts:449 [usePeerConnection] 🚫 WebRTC connection failed completely
error @ intercept-console-error.ts:40
usePeerConnection.useCallback[connect] @ use-peer-connection.ts:449
use-peer-connection.ts:512 [usePeerConnection] ⏰ Connection timeout after 30s
use-peer-connection.ts:513 [usePeerConnection] Timeout details: {targetPeer: '2318250f-e3a5-45f3-9dd9-1ca9319c8876', connectionState: 'not open', peerState: {…}, attemptsTotal: 0, timestamp: '2025-08-06T11:12:55.343Z'}
page.tsx:15 [JoinPage] Status: error My PeerID: 6b257183-1509-41c9-b51d-031d723f2ada Sender PeerID: 2318250f-e3a5-45f3-9dd9-1ca9319c8876
page.tsx:15 [JoinPage] Status: error My PeerID: 6b257183-1509-41c9-b51d-031d723f2ada Sender PeerID: 2318250f-e3a5-45f3-9dd9-1ca9319c8876
use-peer-connection.ts:532 [usePeerConnection] Retrying connection after timeout...
use-peer-connection.ts:287 [usePeerConnection] Attempting to connect to: 2318250f-e3a5-45f3-9dd9-1ca9319c8876
use-peer-connection.ts:291 [usePeerConnection] Current peer state: {id: '6b257183-1509-41c9-b51d-031d723f2ada', destroyed: false, disconnected: false, open: true}
use-peer-connection.ts:298 PeerJS:  Creating RTCPeerConnection.
use-peer-connection.ts:298 PeerJS:  Listening for ICE candidates.
use-peer-connection.ts:298 PeerJS:  Listening for data channel
use-peer-connection.ts:298 PeerJS:  Listening for remote stream
use-peer-connection.ts:298 PeerJS:  add connection data:dc_vr0t26lbsc8 to peerId:2318250f-e3a5-45f3-9dd9-1ca9319c8876
use-peer-connection.ts:300 [usePeerConnection] Connection object created: {connectionId: 'dc_vr0t26lbsc8', open: false, peer: '2318250f-e3a5-45f3-9dd9-1ca9319c8876'}
logger.ts:72 PeerJS:  Created offer.
 [JoinPage] Status: connecting My PeerID: 6b257183-1509-41c9-b51d-031d723f2ada Sender PeerID: 2318250f-e3a5-45f3-9dd9-1ca9319c8876
 [JoinPage] Status: connecting My PeerID: 6b257183-1509-41c9-b51d-031d723f2ada Sender PeerID: 2318250f-e3a5-45f3-9dd9-1ca9319c8876
 PeerJS:  Set localDescription: {sdp: 'v=0\r\no=- 4828767138763377952 2 IN IP4 127.0.0.1\r\ns…:0\r\na=sctp-port:5000\r\na=max-message-size:262144\r\n', type: 'offer'} for:2318250f-e3a5-45f3-9dd9-1ca9319c8876
 [usePeerConnection] ICE gathering state (outgoing): gathering
 PeerJS:  Server message received: {type: 'ANSWER', src: '2318250f-e3a5-45f3-9dd9-1ca9319c8876', dst: '6b257183-1509-41c9-b51d-031d723f2ada', payload: {…}}
 PeerJS:  Setting remote description RTCSessionDescription {type: 'answer', sdp: 'v=0\r\no=mozilla...THIS_IS_SDPARTA-99.0 542705367627…a=sctp-port:5000\r\na=max-message-size:1073741823\r\n'}
 PeerJS:  Set remoteDescription:ANSWER for:2318250f-e3a5-45f3-9dd9-1ca9319c8876
 PeerJS:  Server message received: {type: 'CANDIDATE', src: '2318250f-e3a5-45f3-9dd9-1ca9319c8876', dst: '6b257183-1509-41c9-b51d-031d723f2ada', payload: {…}}
 PeerJS:  handleCandidate: {candidate: 'candidate:0 1 UDP 2122252543 94b1ae3a-18e2-48b0-850d-f13189ba4368.local 50927 typ host', sdpMLineIndex: 0, sdpMid: '0', usernameFragment: '859a3cfc'}
 PeerJS:  Added ICE candidate for:2318250f-e3a5-45f3-9dd9-1ca9319c8876
 PeerJS:  Server message received: {type: 'CANDIDATE', src: '2318250f-e3a5-45f3-9dd9-1ca9319c8876', dst: '6b257183-1509-41c9-b51d-031d723f2ada', payload: {…}}
 PeerJS:  handleCandidate: {candidate: 'candidate:3 1 TCP 2105524479 94b1ae3a-18e2-48b0-850d-f13189ba4368.local 9 typ host tcptype active', sdpMLineIndex: 0, sdpMid: '0', usernameFragment: '859a3cfc'}
 PeerJS:  Added ICE candidate for:2318250f-e3a5-45f3-9dd9-1ca9319c8876
 PeerJS:  Server message received: {type: 'CANDIDATE', src: '2318250f-e3a5-45f3-9dd9-1ca9319c8876', dst: '6b257183-1509-41c9-b51d-031d723f2ada', payload: {…}}
 PeerJS:  handleCandidate: {candidate: 'candidate:1 1 UDP 1686052863 84.196.132.90 50927 typ srflx raddr 0.0.0.0 rport 0', sdpMLineIndex: 0, sdpMid: '0', usernameFragment: '859a3cfc'}
 PeerJS:  Added ICE candidate for:2318250f-e3a5-45f3-9dd9-1ca9319c8876
 [usePeerConnection] ICE connection state (outgoing): checking
 PeerJS:  Received ICE candidates for 2318250f-e3a5-45f3-9dd9-1ca9319c8876: RTCIceCandidate {candidate: 'candidate:2627842722 1 udp 2113937151 e5d87764-acf…typ host generation 0 ufrag NBVl network-cost 999', sdpMid: '0', sdpMLineIndex: 0, foundation: '2627842722', component: 'rtp', …}
 [usePeerConnection] ICE candidate found (outgoing): {candidate: 'candidate:2627842722 1 udp 2113937151 e5d87764-acf…typ host generation 0 ufrag NBVl network-cost 999', protocol: 'udp', type: 'host', foundation: '2627842722', priority: 2113937151, …}
 [usePeerConnection] Connection state (outgoing): connecting
 PeerJS:  Received ICE candidates for 2318250f-e3a5-45f3-9dd9-1ca9319c8876: RTCIceCandidate {candidate: 'candidate:3422862444 1 udp 2113939711 f5312ff8-030…typ host generation 0 ufrag NBVl network-cost 999', sdpMid: '0', sdpMLineIndex: 0, foundation: '3422862444', component: 'rtp', …}
 [usePeerConnection] ICE candidate found (outgoing): {candidate: 'candidate:3422862444 1 udp 2113939711 f5312ff8-030…typ host generation 0 ufrag NBVl network-cost 999', protocol: 'udp', type: 'host', foundation: '3422862444', priority: 2113939711, …}
 PeerJS:  Received ICE candidates for 2318250f-e3a5-45f3-9dd9-1ca9319c8876: RTCIceCandidate {candidate: 'candidate:4266592676 1 udp 1677729535 84.196.132.9… rport 0 generation 0 ufrag NBVl network-cost 999', sdpMid: '0', sdpMLineIndex: 0, foundation: '4266592676', component: 'rtp', …}
 [usePeerConnection] ICE candidate found (outgoing): {candidate: 'candidate:4266592676 1 udp 1677729535 84.196.132.9… rport 0 generation 0 ufrag NBVl network-cost 999', protocol: 'udp', type: 'srflx', foundation: '4266592676', priority: 1677729535, …}
